ERROR      - 2023-08-31 16:30:24,863 - localization    - Phrase leave_receipt not found in en.json
ERROR      - 2023-08-31 16:30:24,866 - localization    - Phrase delete_my_data not found in en.json
ERROR      - 2023-08-31 16:30:28,707 - localization    - Phrase you_sure not found in en.json
ERROR      - 2023-08-31 16:30:32,832 - localization    - User 334635746 not found in database
ERROR      - 2023-08-31 16:30:32,832 - localization    - Phrase user_removed not found in en.json
ERROR      - 2023-08-31 16:30:32,905 - localization    - User 334635746 not found in database
ERROR      - 2023-08-31 16:30:32,906 - localization    - User 334635746 not found in database
ERROR      - 2023-08-31 16:30:32,906 - localization    - User 334635746 not found in database
ERROR      - 2023-08-31 16:30:32,906 - localization    - User 334635746 not found in database
ERROR      - 2023-08-31 16:30:32,906 - localization    - User 334635746 not found in database
ERROR      - 2023-08-31 16:30:32,906 - localization    - User 334635746 not found in database
ERROR      - 2023-08-31 16:30:32,906 - localization    - User 334635746 not found in database
ERROR      - 2023-08-31 16:30:32,906 - localization    - User 334635746 not found in database
ERROR      - 2023-08-31 16:30:32,906 - localization    - User 334635746 not found in database
ERROR      - 2023-08-31 16:30:32,906 - localization    - User 334635746 not found in database
ERROR      - 2023-08-31 16:30:32,907 - localization    - User 334635746 not found in database
ERROR      - 2023-08-31 16:34:21,097 - localization    - Phrase user_removed_from_receipt not found in en.json
ERROR      - 2023-08-31 16:46:53,715 - localization    - User 334635746 not found in database
ERROR      - 2023-08-31 16:46:53,785 - localization    - User 334635746 not found in database
ERROR      - 2023-08-31 16:46:53,786 - localization    - User 334635746 not found in database
ERROR      - 2023-08-31 16:46:53,786 - localization    - User 334635746 not found in database
ERROR      - 2023-08-31 16:46:53,787 - localization    - User 334635746 not found in database
ERROR      - 2023-08-31 16:46:53,787 - localization    - User 334635746 not found in database
ERROR      - 2023-08-31 16:46:53,787 - localization    - User 334635746 not found in database
ERROR      - 2023-08-31 16:46:53,788 - localization    - User 334635746 not found in database
ERROR      - 2023-08-31 16:46:53,788 - localization    - User 334635746 not found in database
ERROR      - 2023-08-31 16:46:53,788 - localization    - User 334635746 not found in database
ERROR      - 2023-08-31 16:46:53,788 - localization    - User 334635746 not found in database
ERROR      - 2023-08-31 16:46:53,788 - localization    - User 334635746 not found in database
ERROR      - 2023-08-31 16:48:03,884 - localization    - User 334635746 not found in database
ERROR      - 2023-08-31 16:48:03,952 - localization    - User 334635746 not found in database
ERROR      - 2023-08-31 16:48:03,953 - localization    - User 334635746 not found in database
ERROR      - 2023-08-31 16:48:03,953 - localization    - User 334635746 not found in database
ERROR      - 2023-08-31 16:48:03,954 - localization    - User 334635746 not found in database
ERROR      - 2023-08-31 16:48:03,954 - localization    - User 334635746 not found in database
ERROR      - 2023-08-31 16:48:03,955 - localization    - User 334635746 not found in database
ERROR      - 2023-08-31 16:48:03,956 - localization    - User 334635746 not found in database
ERROR      - 2023-08-31 16:48:03,956 - localization    - User 334635746 not found in database
ERROR      - 2023-08-31 16:48:03,957 - localization    - User 334635746 not found in database
ERROR      - 2023-08-31 16:48:03,957 - localization    - User 334635746 not found in database
ERROR      - 2023-08-31 16:48:03,958 - localization    - User 334635746 not found in database
ERROR      - 2023-08-31 16:49:38,876 - localization    - User 334635746 not found in database
ERROR      - 2023-08-31 16:49:38,993 - localization    - User 334635746 not found in database
ERROR      - 2023-08-31 16:49:38,994 - localization    - User 334635746 not found in database
ERROR      - 2023-08-31 16:49:38,994 - localization    - User 334635746 not found in database
ERROR      - 2023-08-31 16:49:38,994 - localization    - User 334635746 not found in database
ERROR      - 2023-08-31 16:49:38,994 - localization    - User 334635746 not found in database
ERROR      - 2023-08-31 16:49:38,994 - localization    - User 334635746 not found in database
ERROR      - 2023-08-31 16:49:38,994 - localization    - User 334635746 not found in database
ERROR      - 2023-08-31 16:49:38,994 - localization    - User 334635746 not found in database
ERROR      - 2023-08-31 16:49:38,994 - localization    - User 334635746 not found in database
ERROR      - 2023-08-31 16:49:38,995 - localization    - User 334635746 not found in database
ERROR      - 2023-08-31 16:49:38,995 - localization    - User 334635746 not found in database
ERROR      - 2023-08-31 16:53:14,132 - localization    - User 334635746 not found in database
ERROR      - 2023-08-31 16:53:14,132 - localization    - User 334635746 not found in database
ERROR      - 2023-08-31 16:53:16,677 - create_receipt  - Error while creating receipt evening of user 334635746: '334635746'
ERROR      - 2023-08-31 16:53:16,678 - create_receipt  - Traceback (most recent call last):
  File "D:\Coding\wise-hangout-bot\commands\create_receipt.py", line 18, in _set_receipt_name
    general.update_current_receipt_id(message.chat.id, new_receipt.id)
  File "D:\Coding\wise-hangout-bot\commands\general.py", line 11, in update_current_receipt_id
    users[str(user_id)]["current_receipt"] = receipt_id
    ~~~~~^^^^^^^^^^^^^^
KeyError: '334635746'

ERROR      - 2023-08-31 16:53:16,678 - localization    - User 334635746 not found in database
ERROR      - 2023-08-31 16:53:16,819 - localization    - User 334635746 not found in database
ERROR      - 2023-08-31 16:53:16,820 - localization    - User 334635746 not found in database
ERROR      - 2023-08-31 16:53:16,820 - localization    - User 334635746 not found in database
ERROR      - 2023-08-31 16:53:16,820 - localization    - User 334635746 not found in database
ERROR      - 2023-08-31 16:53:16,820 - localization    - User 334635746 not found in database
ERROR      - 2023-08-31 16:53:16,820 - localization    - User 334635746 not found in database
ERROR      - 2023-08-31 16:53:16,820 - localization    - User 334635746 not found in database
ERROR      - 2023-08-31 16:53:16,821 - localization    - User 334635746 not found in database
ERROR      - 2023-08-31 16:53:16,821 - localization    - User 334635746 not found in database
ERROR      - 2023-08-31 16:53:16,821 - localization    - User 334635746 not found in database
ERROR      - 2023-08-31 16:53:16,821 - localization    - User 334635746 not found in database
ERROR      - 2023-08-31 16:53:39,447 - localization    - Phrase receipt_id not found in en.json
ERROR      - 2023-08-31 16:54:36,890 - delete_my_data  - Error while removing user 334635746 from database: 'deleted_user'
ERROR      - 2023-08-31 16:54:36,890 - delete_my_data  - Traceback (most recent call last):
  File "D:\Coding\wise-hangout-bot\commands\delete_my_data.py", line 29, in _remove_user
    if receipts[receipt_id]["users"]["deleted_user"] is None:
       ~~~~~~~~~~~~~~~~~~~~~~~~~~~~~^^^^^^^^^^^^^^^^
KeyError: 'deleted_user'

ERROR      - 2023-08-31 16:54:36,892 - localization    - User 334635746 not found in database
ERROR      - 2023-08-31 16:54:36,985 - localization    - User 334635746 not found in database
ERROR      - 2023-08-31 16:54:36,985 - localization    - User 334635746 not found in database
ERROR      - 2023-08-31 16:54:36,986 - localization    - User 334635746 not found in database
ERROR      - 2023-08-31 16:54:36,987 - localization    - User 334635746 not found in database
ERROR      - 2023-08-31 16:54:36,987 - localization    - User 334635746 not found in database
ERROR      - 2023-08-31 16:54:36,988 - localization    - User 334635746 not found in database
ERROR      - 2023-08-31 16:54:36,988 - localization    - User 334635746 not found in database
ERROR      - 2023-08-31 16:54:36,989 - localization    - User 334635746 not found in database
ERROR      - 2023-08-31 16:54:36,989 - localization    - User 334635746 not found in database
ERROR      - 2023-08-31 16:54:36,989 - localization    - User 334635746 not found in database
ERROR      - 2023-08-31 16:54:36,990 - localization    - User 334635746 not found in database
ERROR      - 2023-08-31 16:55:02,959 - localization    - User 334635746 not found in database
ERROR      - 2023-08-31 16:55:02,959 - localization    - User 334635746 not found in database
ERROR      - 2023-08-31 16:55:02,960 - localization    - User 334635746 not found in database
ERROR      - 2023-08-31 16:55:02,961 - localization    - User 334635746 not found in database
ERROR      - 2023-08-31 16:55:02,961 - localization    - User 334635746 not found in database
ERROR      - 2023-08-31 16:55:02,961 - localization    - User 334635746 not found in database
ERROR      - 2023-08-31 16:55:02,961 - localization    - User 334635746 not found in database
ERROR      - 2023-08-31 16:55:02,961 - localization    - User 334635746 not found in database
ERROR      - 2023-08-31 16:55:02,961 - localization    - User 334635746 not found in database
ERROR      - 2023-08-31 16:55:02,961 - localization    - User 334635746 not found in database
ERROR      - 2023-08-31 16:55:04,601 - localization    - User 334635746 not found in database
ERROR      - 2023-08-31 16:55:04,601 - localization    - User 334635746 not found in database
ERROR      - 2023-08-31 16:55:04,601 - localization    - Phrase user_not_found not found in en.json
ERROR      - 2023-08-31 16:55:04,729 - localization    - User 334635746 not found in database
ERROR      - 2023-08-31 16:55:04,730 - localization    - User 334635746 not found in database
ERROR      - 2023-08-31 16:55:04,730 - localization    - User 334635746 not found in database
ERROR      - 2023-08-31 16:55:04,731 - localization    - User 334635746 not found in database
ERROR      - 2023-08-31 16:55:04,731 - localization    - User 334635746 not found in database
ERROR      - 2023-08-31 16:55:04,732 - localization    - User 334635746 not found in database
ERROR      - 2023-08-31 16:55:04,734 - localization    - User 334635746 not found in database
ERROR      - 2023-08-31 16:55:04,734 - localization    - User 334635746 not found in database
ERROR      - 2023-08-31 16:55:04,734 - localization    - User 334635746 not found in database
ERROR      - 2023-08-31 16:55:04,734 - localization    - User 334635746 not found in database
ERROR      - 2023-08-31 16:55:04,734 - localization    - User 334635746 not found in database
ERROR      - 2023-08-31 16:55:37,253 - localization    - User 334635746 not found in database
ERROR      - 2023-08-31 16:55:37,445 - localization    - User 334635746 not found in database
ERROR      - 2023-08-31 16:55:37,446 - localization    - User 334635746 not found in database
ERROR      - 2023-08-31 16:55:37,446 - localization    - User 334635746 not found in database
ERROR      - 2023-08-31 16:55:37,446 - localization    - User 334635746 not found in database
ERROR      - 2023-08-31 16:55:37,446 - localization    - User 334635746 not found in database
ERROR      - 2023-08-31 16:55:37,446 - localization    - User 334635746 not found in database
ERROR      - 2023-08-31 16:55:37,446 - localization    - User 334635746 not found in database
ERROR      - 2023-08-31 16:55:37,446 - localization    - User 334635746 not found in database
ERROR      - 2023-08-31 16:55:37,446 - localization    - User 334635746 not found in database
ERROR      - 2023-08-31 16:55:37,446 - localization    - User 334635746 not found in database
ERROR      - 2023-08-31 16:55:37,447 - localization    - User 334635746 not found in database
ERROR      - 2023-08-31 17:00:19,271 - localization    - User 334635746 not found in database
ERROR      - 2023-08-31 17:00:19,272 - localization    - User 334635746 not found in database
ERROR      - 2023-08-31 17:00:19,273 - localization    - User 334635746 not found in database
ERROR      - 2023-08-31 17:00:19,273 - localization    - User 334635746 not found in database
ERROR      - 2023-08-31 17:02:38,504 - localization    - User 334635746 not found in database
ERROR      - 2023-08-31 17:02:38,577 - localization    - User 334635746 not found in database
ERROR      - 2023-08-31 17:02:38,577 - localization    - User 334635746 not found in database
ERROR      - 2023-08-31 17:02:38,577 - localization    - User 334635746 not found in database
ERROR      - 2023-08-31 17:02:38,577 - localization    - User 334635746 not found in database
ERROR      - 2023-08-31 17:02:38,577 - localization    - User 334635746 not found in database
ERROR      - 2023-08-31 17:02:38,579 - localization    - User 334635746 not found in database
ERROR      - 2023-08-31 17:02:38,579 - localization    - User 334635746 not found in database
ERROR      - 2023-08-31 17:02:38,579 - localization    - User 334635746 not found in database
ERROR      - 2023-08-31 17:02:38,579 - localization    - User 334635746 not found in database
ERROR      - 2023-08-31 17:02:38,579 - localization    - User 334635746 not found in database
ERROR      - 2023-08-31 17:02:38,580 - localization    - User 334635746 not found in database
ERROR      - 2023-08-31 17:02:59,686 - localization    - User 334635746 not found in database
ERROR      - 2023-08-31 17:03:25,694 - view_receipt    - Error while viewing receipt of user 334635746: bad operand type for abs(): 'list'
ERROR      - 2023-08-31 17:03:25,696 - view_receipt    - Traceback (most recent call last):
  File "D:\Coding\wise-hangout-bot\commands\view_receipt.py", line 35, in view_receipt_with_id
    debts = receipt_object.users
                                 
TypeError: bad operand type for abs(): 'list'

ERROR      - 2023-08-31 17:05:02,122 - view_receipt    - Error while viewing receipt of user 334635746: bad operand type for abs(): 'list'
ERROR      - 2023-08-31 17:05:02,123 - view_receipt    - Traceback (most recent call last):
  File "D:\Coding\wise-hangout-bot\commands\view_receipt.py", line 39, in view_receipt_with_id
    result += str(users[debt]["nickname"] + " — " + str(abs(debts[debt])) + "\n")
                                                        ^^^^^^^^^^^^^^^^
TypeError: bad operand type for abs(): 'list'

ERROR      - 2023-08-31 17:05:46,333 - view_receipt    - Error while viewing receipt of user 334635746: bad operand type for abs(): 'list'
ERROR      - 2023-08-31 17:05:46,333 - view_receipt    - Traceback (most recent call last):
  File "D:\Coding\wise-hangout-bot\commands\view_receipt.py", line 39, in view_receipt_with_id
    if debt == "deleted_user":
                               
TypeError: bad operand type for abs(): 'list'

ERROR      - 2023-08-31 17:06:27,569 - view_receipt    - Error while viewing receipt of user 334635746: bad operand type for abs(): 'list'
ERROR      - 2023-08-31 17:06:27,569 - view_receipt    - Traceback (most recent call last):
  File "D:\Coding\wise-hangout-bot\commands\view_receipt.py", line 42, in view_receipt_with_id
    result += str(users[debt]["nickname"] + " — " + str(abs(debts[debt])) + "\n")
                                                        ^^^^^^^^^^^^^^^^
TypeError: bad operand type for abs(): 'list'

ERROR      - 2023-08-31 18:28:15,213 - find_whom_to_pay - Error while finding whom to pay in receipt 3aac988f-d5cf-40f2-a103-638d00df1eeb: '334635746'
ERROR      - 2023-08-31 18:28:15,213 - find_whom_to_pay - Traceback (most recent call last):
  File "D:\Coding\wise-hangout-bot\commands\find_whom_to_pay.py", line 26, in send_whom_to_pay
    people += str(receipt_object.find_whom_to_pay(user_id))
                  ^^^^^^^^^^^^^^^^^^^^^^^^^^^^^^^^^^^^^^^^
  File "D:\Coding\wise-hangout-bot\components\receipt.py", line 138, in find_whom_to_pay
    user_debt = debt_info[str(user_id)]
                ~~~~~~~~~^^^^^^^^^^^^^^
KeyError: '334635746'

